<?xml version="1.0" encoding="UTF-8"?>
<testng-results ignored="0" total="3" passed="2" failed="1" skipped="0">
  <reporter-output>
  </reporter-output>
  <suite started-at="2025-08-31T22:35:53 EDT" name="Suite" finished-at="2025-08-31T22:37:41 EDT" duration-ms="108052">
    <groups>
      <group name="Sanity">
        <method signature="TC001_HomePage.verify_homepage_validation()[pri:0, instance:testCases.TC001_HomePage@5ea502e0]" name="verify_homepage_validation" class="testCases.TC001_HomePage"/>
        <method signature="TC002_SavingsPage.verify_SavingsPage_validation()[pri:0, instance:testCases.TC002_SavingsPage@402f80f5]" name="verify_SavingsPage_validation" class="testCases.TC002_SavingsPage"/>
        <method signature="TC003_AboutYourOwnPage.verify_AboutYourOwnPage_validation()[pri:0, instance:testCases.TC003_AboutYourOwnPage@5bbc9f97]" name="verify_AboutYourOwnPage_validation" class="testCases.TC003_AboutYourOwnPage"/>
      </group> <!-- Sanity -->
    </groups>
    <test started-at="2025-08-31T22:35:53 EDT" name="SanityTests" finished-at="2025-08-31T22:37:41 EDT" duration-ms="108052">
      <class name="testCases.TC003_AboutYourOwnPage">
        <test-method is-config="true" signature="setup()[pri:0, instance:testCases.TC003_AboutYourOwnPage@5bbc9f97]" started-at="2025-08-31T22:36:52 EDT" name="setup" finished-at="2025-08-31T22:36:56 EDT" duration-ms="3468" status="PASS">
          <reporter-output>
          </reporter-output>
        </test-method> <!-- setup -->
        <test-method signature="verify_AboutYourOwnPage_validation()[pri:0, instance:testCases.TC003_AboutYourOwnPage@5bbc9f97]" started-at="2025-08-31T22:36:56 EDT" name="verify_AboutYourOwnPage_validation" finished-at="2025-08-31T22:37:41 EDT" duration-ms="45229" status="FAIL">
          <exception class="org.openqa.selenium.TimeoutException">
            <message>
              <![CDATA[Expected condition failed: waiting for element to be clickable: Proxy element for: DefaultElementLocator 'By.linkText: Buy online' (tried for 10 second(s) with 500 milliseconds interval)]]>
            </message>
            <full-stacktrace>
              <![CDATA[org.openqa.selenium.TimeoutException: Expected condition failed: waiting for element to be clickable: Proxy element for: DefaultElementLocator 'By.linkText: Buy online' (tried for 10 second(s) with 500 milliseconds interval)
at org.openqa.selenium.support.ui.WebDriverWait.timeoutException(WebDriverWait.java:84)
at org.openqa.selenium.support.ui.FluentWait.until(FluentWait.java:228)
at pageObjects.AboutYourOwnPage.clickBuyOnline(AboutYourOwnPage.java:97)
at testCases.TC003_AboutYourOwnPage.verify_AboutYourOwnPage_validation(TC003_AboutYourOwnPage.java:43)
at java.base/jdk.internal.reflect.NativeMethodAccessorImpl.invoke0(Native Method)
at java.base/jdk.internal.reflect.NativeMethodAccessorImpl.invoke(NativeMethodAccessorImpl.java:77)
at java.base/jdk.internal.reflect.DelegatingMethodAccessorImpl.invoke(DelegatingMethodAccessorImpl.java:43)
at java.base/java.lang.reflect.Method.invoke(Method.java:568)
at org.testng.internal.invokers.MethodInvocationHelper.invokeMethod(MethodInvocationHelper.java:141)
at org.testng.internal.invokers.TestInvoker.invokeMethod(TestInvoker.java:687)
at org.testng.internal.invokers.TestInvoker.invokeTestMethod(TestInvoker.java:230)
at org.testng.internal.invokers.MethodRunner.runInSequence(MethodRunner.java:63)
at org.testng.internal.invokers.TestInvoker$MethodInvocationAgent.invoke(TestInvoker.java:995)
at org.testng.internal.invokers.TestInvoker.invokeTestMethods(TestInvoker.java:203)
at org.testng.internal.invokers.TestMethodWorker.invokeTestMethods(TestMethodWorker.java:154)
at org.testng.internal.invokers.TestMethodWorker.run(TestMethodWorker.java:134)
at java.base/java.util.ArrayList.forEach(ArrayList.java:1511)
at org.testng.TestRunner.privateRun(TestRunner.java:741)
at org.testng.TestRunner.run(TestRunner.java:616)
at org.testng.SuiteRunner.runTest(SuiteRunner.java:421)
at org.testng.SuiteRunner.runSequentially(SuiteRunner.java:413)
at org.testng.SuiteRunner.privateRun(SuiteRunner.java:373)
at org.testng.SuiteRunner.run(SuiteRunner.java:312)
at org.testng.SuiteRunnerWorker.runSuite(SuiteRunnerWorker.java:52)
at org.testng.SuiteRunnerWorker.run(SuiteRunnerWorker.java:95)
at org.testng.TestNG.runSuitesSequentially(TestNG.java:1274)
at org.testng.TestNG.runSuitesLocally(TestNG.java:1208)
at org.testng.TestNG.runSuites(TestNG.java:1112)
at org.testng.TestNG.run(TestNG.java:1079)
at org.testng.remote.AbstractRemoteTestNG.run(AbstractRemoteTestNG.java:115)
at org.testng.remote.RemoteTestNG.initAndRun(RemoteTestNG.java:293)
at org.testng.remote.RemoteTestNG.main(RemoteTestNG.java:91)
Caused by: org.openqa.selenium.NoSuchElementException: no such element: Unable to locate element: {"method":"link text","selector":"Buy online"}
  (Session info: chrome=139.0.7258.155)
For documentation on this error, please visit: https://www.selenium.dev/documentation/webdriver/troubleshooting/errors#no-such-element-exception
Build info: version: '4.35.0', revision: '1c58e5028b'
System info: os.name: 'Windows 11', os.arch: 'amd64', os.version: '10.0', java.version: '17.0.8.1'
Driver info: org.openqa.selenium.chrome.ChromeDriver
Command: [c7f6a38ecdde703bba6466eb23985805, findElement {value=Buy online, using=link text}]
Capabilities {acceptInsecureCerts: false, browserName: chrome, browserVersion: 139.0.7258.155, chrome: {chromedriverVersion: 139.0.7258.154 (9e0d6b2b47f..., userDataDir: C:\Users\mahav\AppData\Loca...}, fedcm:accounts: true, goog:chromeOptions: {debuggerAddress: localhost:55032}, networkConnectionEnabled: false, pageLoadStrategy: normal, platformName: windows, proxy: Proxy(), se:cdp: ws://localhost:55032/devtoo..., se:cdpVersion: 139.0.7258.155, setWindowRect: true, strictFileInteractability: false, timeouts: {implicit: 0, pageLoad: 300000, script: 30000}, unhandledPromptBehavior: dismiss and notify, webauthn:extension:credBlob: true, webauthn:extension:largeBlob: true, webauthn:extension:minPinLength: true, webauthn:extension:prf: true, webauthn:virtualAuthenticators: true}
Session ID: c7f6a38ecdde703bba6466eb23985805
at jdk.internal.reflect.GeneratedConstructorAccessor27.newInstance(Unknown Source)
at java.base/jdk.internal.reflect.DelegatingConstructorAccessorImpl.newInstance(DelegatingConstructorAccessorImpl.java:45)
at java.base/java.lang.reflect.Constructor.newInstanceWithCaller(Constructor.java:499)
at java.base/java.lang.reflect.Constructor.newInstance(Constructor.java:480)
at org.openqa.selenium.remote.ErrorCodec.decode(ErrorCodec.java:167)
at org.openqa.selenium.remote.codec.w3c.W3CHttpResponseCodec.decode(W3CHttpResponseCodec.java:138)
at org.openqa.selenium.remote.codec.w3c.W3CHttpResponseCodec.decode(W3CHttpResponseCodec.java:50)
at org.openqa.selenium.remote.HttpCommandExecutor.execute(HttpCommandExecutor.java:215)
at org.openqa.selenium.remote.service.DriverCommandExecutor.invokeExecute(DriverCommandExecutor.java:216)
at org.openqa.selenium.remote.service.DriverCommandExecutor.execute(DriverCommandExecutor.java:174)
at org.openqa.selenium.remote.RemoteWebDriver.execute(RemoteWebDriver.java:557)
at org.openqa.selenium.remote.ElementLocation$ElementFinder$2.findElement(ElementLocation.java:165)
at org.openqa.selenium.remote.ElementLocation.findElement(ElementLocation.java:59)
at org.openqa.selenium.remote.RemoteWebDriver.findElement(RemoteWebDriver.java:380)
at org.openqa.selenium.remote.RemoteWebDriver.findElement(RemoteWebDriver.java:374)
at org.openqa.selenium.support.pagefactory.DefaultElementLocator.findElement(DefaultElementLocator.java:68)
at org.openqa.selenium.support.pagefactory.internal.LocatingElementHandler.invoke(LocatingElementHandler.java:38)
at jdk.proxy2/jdk.proxy2.$Proxy41.isDisplayed(Unknown Source)
at org.openqa.selenium.support.ui.ExpectedConditions.elementIfVisible(ExpectedConditions.java:304)
at org.openqa.selenium.support.ui.ExpectedConditions$10.apply(ExpectedConditions.java:290)
at org.openqa.selenium.support.ui.ExpectedConditions$10.apply(ExpectedConditions.java:287)
at org.openqa.selenium.support.ui.ExpectedConditions$23.apply(ExpectedConditions.java:656)
at org.openqa.selenium.support.ui.ExpectedConditions$23.apply(ExpectedConditions.java:652)
at org.openqa.selenium.support.ui.FluentWait.until(FluentWait.java:203)
... 30 more
]]>
            </full-stacktrace>
          </exception> <!-- org.openqa.selenium.TimeoutException -->
          <reporter-output>
          </reporter-output>
        </test-method> <!-- verify_AboutYourOwnPage_validation -->
        <test-method is-config="true" signature="captureFailureScreenshot(org.testng.ITestResult)[pri:0, instance:testCases.TC003_AboutYourOwnPage@5bbc9f97]" started-at="2025-08-31T22:37:41 EDT" name="captureFailureScreenshot" finished-at="2025-08-31T22:37:41 EDT" duration-ms="109" status="PASS">
          <params>
            <param index="0">
              <value>
                <![CDATA[[TestResult name=verify_AboutYourOwnPage_validation status=FAILURE method=TC003_AboutYourOwnPage.verify_AboutYourOwnPage_validation()[pri:0, instance:testCases.TC003_AboutYourOwnPage@5bbc9f97] output={null}]]]>
              </value>
            </param>
          </params>
          <reporter-output>
          </reporter-output>
        </test-method> <!-- captureFailureScreenshot -->
        <test-method is-config="true" signature="tearDown()[pri:0, instance:testCases.TC003_AboutYourOwnPage@5bbc9f97]" started-at="2025-08-31T22:37:41 EDT" name="tearDown" finished-at="2025-08-31T22:37:41 EDT" duration-ms="317" status="PASS">
          <reporter-output>
          </reporter-output>
        </test-method> <!-- tearDown -->
      </class> <!-- testCases.TC003_AboutYourOwnPage -->
      <class name="testCases.TC002_SavingsPage">
        <test-method is-config="true" signature="setup()[pri:0, instance:testCases.TC002_SavingsPage@402f80f5]" started-at="2025-08-31T22:36:23 EDT" name="setup" finished-at="2025-08-31T22:36:27 EDT" duration-ms="3868" status="PASS">
          <reporter-output>
          </reporter-output>
        </test-method> <!-- setup -->
        <test-method signature="verify_SavingsPage_validation()[pri:0, instance:testCases.TC002_SavingsPage@402f80f5]" started-at="2025-08-31T22:36:27 EDT" name="verify_SavingsPage_validation" finished-at="2025-08-31T22:36:52 EDT" duration-ms="25309" status="PASS">
          <reporter-output>
          </reporter-output>
        </test-method> <!-- verify_SavingsPage_validation -->
        <test-method is-config="true" signature="captureFailureScreenshot(org.testng.ITestResult)[pri:0, instance:testCases.TC002_SavingsPage@402f80f5]" started-at="2025-08-31T22:36:52 EDT" name="captureFailureScreenshot" finished-at="2025-08-31T22:36:52 EDT" duration-ms="2" status="PASS">
          <params>
            <param index="0">
              <value>
                <![CDATA[[TestResult name=verify_SavingsPage_validation status=SUCCESS method=TC002_SavingsPage.verify_SavingsPage_validation()[pri:0, instance:testCases.TC002_SavingsPage@402f80f5] output={null}]]]>
              </value>
            </param>
          </params>
          <reporter-output>
          </reporter-output>
        </test-method> <!-- captureFailureScreenshot -->
        <test-method is-config="true" signature="tearDown()[pri:0, instance:testCases.TC002_SavingsPage@402f80f5]" started-at="2025-08-31T22:36:52 EDT" name="tearDown" finished-at="2025-08-31T22:36:52 EDT" duration-ms="325" status="PASS">
          <reporter-output>
          </reporter-output>
        </test-method> <!-- tearDown -->
      </class> <!-- testCases.TC002_SavingsPage -->
      <class name="testCases.TC001_HomePage">
        <test-method is-config="true" signature="setup()[pri:0, instance:testCases.TC001_HomePage@5ea502e0]" started-at="2025-08-31T22:35:53 EDT" name="setup" finished-at="2025-08-31T22:35:57 EDT" duration-ms="3888" status="PASS">
          <reporter-output>
          </reporter-output>
        </test-method> <!-- setup -->
        <test-method signature="verify_homepage_validation()[pri:0, instance:testCases.TC001_HomePage@5ea502e0]" started-at="2025-08-31T22:35:57 EDT" name="verify_homepage_validation" finished-at="2025-08-31T22:36:22 EDT" duration-ms="25034" status="PASS">
          <reporter-output>
          </reporter-output>
        </test-method> <!-- verify_homepage_validation -->
        <test-method is-config="true" signature="captureFailureScreenshot(org.testng.ITestResult)[pri:0, instance:testCases.TC001_HomePage@5ea502e0]" started-at="2025-08-31T22:36:22 EDT" name="captureFailureScreenshot" finished-at="2025-08-31T22:36:22 EDT" duration-ms="3" status="PASS">
          <params>
            <param index="0">
              <value>
                <![CDATA[[TestResult name=verify_homepage_validation status=SUCCESS method=TC001_HomePage.verify_homepage_validation()[pri:0, instance:testCases.TC001_HomePage@5ea502e0] output={null}]]]>
              </value>
            </param>
          </params>
          <reporter-output>
          </reporter-output>
        </test-method> <!-- captureFailureScreenshot -->
        <test-method is-config="true" signature="tearDown()[pri:0, instance:testCases.TC001_HomePage@5ea502e0]" started-at="2025-08-31T22:36:22 EDT" name="tearDown" finished-at="2025-08-31T22:36:23 EDT" duration-ms="320" status="PASS">
          <reporter-output>
          </reporter-output>
        </test-method> <!-- tearDown -->
      </class> <!-- testCases.TC001_HomePage -->
    </test> <!-- SanityTests -->
  </suite> <!-- Suite -->
</testng-results>
